<?xml version="1.0" encoding="UTF-8"?>
<testsuite xmlns:xsi="http://www.w3.org/2001/XMLSchema-instance" xsi:noNamespaceSchemaLocation="https://maven.apache.org/surefire/maven-surefire-plugin/xsd/surefire-test-report-3.0.xsd" version="3.0" name="pl.edu.pw.ee.aisd2024zex1.sorters.insort.InsertionSortTest" time="0.496" tests="8" errors="0" skipped="0" failures="0">
  <properties>
[...]
</properties>
  <testcase name="should_CorrectlySort_When_UnsortedSizeIsOdd" classname="pl.edu.pw.ee.aisd2024zex1.sorters.insort.InsertionSortTest" time="0.083"/>
  <testcase name="should_CorrectlySort_When_UnsortedSizeIsEven" classname="pl.edu.pw.ee.aisd2024zex1.sorters.insort.InsertionSortTest" time="0.0"/>
  <testcase name="should_ReturnEmptyArray_When_InputIsEmpty" classname="pl.edu.pw.ee.aisd2024zex1.sorters.insort.InsertionSortTest" time="0.0"/>
  <testcase name="should_CorrectlySort_When_SmallDataFromMyOwnExample" classname="pl.edu.pw.ee.aisd2024zex1.sorters.insort.InsertionSortTest" time="0.0"/>
  <testcase name="should_CorrectlyAscendingSort_When_InputIsRandomAndHuge" classname="pl.edu.pw.ee.aisd2024zex1.sorters.insort.InsertionSortTest" time="0.358"/>
  <testcase name="should_CorrectlySort_When_OnlyFirstIsWrong" classname="pl.edu.pw.ee.aisd2024zex1.sorters.insort.InsertionSortTest" time="0.001"/>
  <testcase name="should_CorrectlySort_When_OnlyLastIsWrong" classname="pl.edu.pw.ee.aisd2024zex1.sorters.insort.InsertionSortTest" time="0.0"/>
  <testcase name="should_ThrowException_When_InputIsNull" classname="pl.edu.pw.ee.aisd2024zex1.sorters.insort.InsertionSortTest" time="0.004"/>
</testsuite>